<?xml version="1.0" encoding="UTF-8"?>
<robot generator="Robot 5.0.1 (Python 3.10.5 on win32)" generated="20220714 10:02:15.679" rpa="false" schemaversion="3">
<suite id="s1" name="Amazon Testes" source="C:\curso_robotframework_basico\amazon_testes.robot">
<test id="s1-t1" name="Caso de Teste 01 - Acesso ao menu &quot;Livros&quot;" line="8">
<kw name="Abrir o navegador" library="amazon_resources" type="SETUP">
<kw name="Open Browser" library="SeleniumLibrary">
<arg>browser=chrome</arg>
<doc>Opens a new browser instance to the optional ``url``.</doc>
<msg timestamp="20220714 10:02:15.886" level="INFO">Opening browser 'chrome' to base url 'None'.</msg>
<status status="PASS" starttime="20220714 10:02:15.886" endtime="20220714 10:02:17.079"/>
</kw>
<kw name="Maximize Browser Window" library="SeleniumLibrary">
<doc>Maximizes current browser window.</doc>
<status status="PASS" starttime="20220714 10:02:17.079" endtime="20220714 10:02:17.200"/>
</kw>
<status status="PASS" starttime="20220714 10:02:15.886" endtime="20220714 10:02:17.200"/>
</kw>
<kw name="Acessar a home page do site Amazon.com.br" library="amazon_resources">
<kw name="Go To" library="SeleniumLibrary">
<arg>url=${URL}</arg>
<doc>Navigates the current browser window to the provided ``url``.</doc>
<msg timestamp="20220714 10:02:17.200" level="INFO">Opening url 'http://www.amazon.com.br'</msg>
<status status="PASS" starttime="20220714 10:02:17.200" endtime="20220714 10:02:19.760"/>
</kw>
<kw name="Wait Until Element Is Visible" library="SeleniumLibrary">
<arg>locator=${MENU_PRINCIPAL}</arg>
<doc>Waits until the element ``locator`` is visible.</doc>
<status status="PASS" starttime="20220714 10:02:19.760" endtime="20220714 10:02:19.863"/>
</kw>
<status status="PASS" starttime="20220714 10:02:17.200" endtime="20220714 10:02:19.863"/>
</kw>
<kw name="Entrar no menu &quot;Livros&quot;" library="amazon_resources">
<kw name="Click Element" library="SeleniumLibrary">
<arg>locator=${MENU_PRINCIPAL}</arg>
<doc>Click the element identified by ``locator``.</doc>
<msg timestamp="20220714 10:02:19.869" level="INFO">Clicking element '//a[@href='/Livros/b/?ie=UTF8&amp;node=6740748011&amp;ref_=nav_cs_books'][contains(.,'Livros')]'.</msg>
<status status="PASS" starttime="20220714 10:02:19.866" endtime="20220714 10:02:21.713"/>
</kw>
<status status="PASS" starttime="20220714 10:02:19.865" endtime="20220714 10:02:21.713"/>
</kw>
<kw name="Verificar se aparece a frase &quot;Loja de Livros&quot;" library="amazon_resources" sourcename="Verificar se aparece a frase &quot;${FRASE}&quot;">
<kw name="Wait Until Page Contains" library="SeleniumLibrary">
<arg>text=${FRASE}</arg>
<doc>Waits until ``text`` appears on the current page.</doc>
<status status="PASS" starttime="20220714 10:02:21.715" endtime="20220714 10:02:21.762"/>
</kw>
<kw name="Wait Until Element Is Visible" library="SeleniumLibrary">
<arg>locator=${HEADER_LIVROS}</arg>
<doc>Waits until the element ``locator`` is visible.</doc>
<status status="PASS" starttime="20220714 10:02:21.762" endtime="20220714 10:02:21.806"/>
</kw>
<status status="PASS" starttime="20220714 10:02:21.713" endtime="20220714 10:02:21.807"/>
</kw>
<kw name="Verificar se o título da página fica &quot;Livros | Amazon.com.br&quot;" library="amazon_resources" sourcename="Verificar se o título da página fica &quot;${TITULO}&quot;">
<kw name="Title Should Be" library="SeleniumLibrary">
<arg>title=${TITULO}</arg>
<doc>Verifies that the current page title equals ``title``.</doc>
<msg timestamp="20220714 10:02:21.815" level="INFO">Page title is 'Livros | Amazon.com.br'.</msg>
<status status="PASS" starttime="20220714 10:02:21.807" endtime="20220714 10:02:21.815"/>
</kw>
<status status="PASS" starttime="20220714 10:02:21.807" endtime="20220714 10:02:21.815"/>
</kw>
<kw name="Verificar se aparece a categoria &quot;Livros Geek&quot;" library="amazon_resources" sourcename="Verificar se aparece a categoria &quot;${NOME_CATEGORIA}&quot;">
<kw name="Element Should Be Visible" library="SeleniumLibrary">
<arg>locator=//a[@aria-label='${NOME_CATEGORIA}']</arg>
<doc>Verifies that the element identified by ``locator`` is visible.</doc>
<msg timestamp="20220714 10:02:21.851" level="INFO">Element '//a[@aria-label='Livros Geek']' is displayed.</msg>
<status status="PASS" starttime="20220714 10:02:21.816" endtime="20220714 10:02:21.851"/>
</kw>
<status status="PASS" starttime="20220714 10:02:21.815" endtime="20220714 10:02:21.851"/>
</kw>
<kw name="Fechar o navegador" library="amazon_resources" type="TEARDOWN">
<kw name="Capture Page Screenshot" library="SeleniumLibrary">
<doc>Takes a screenshot of the current page and embeds it into a log file.</doc>
<msg timestamp="20220714 10:02:22.010" level="INFO" html="true">&lt;/td&gt;&lt;/tr&gt;&lt;tr&gt;&lt;td colspan="3"&gt;&lt;a href="selenium-screenshot-1.png"&gt;&lt;img src="selenium-screenshot-1.png" width="800px"&gt;&lt;/a&gt;</msg>
<status status="PASS" starttime="20220714 10:02:21.853" endtime="20220714 10:02:22.010"/>
</kw>
<kw name="Close Browser" library="SeleniumLibrary">
<doc>Closes the current browser.</doc>
<status status="PASS" starttime="20220714 10:02:22.010" endtime="20220714 10:02:24.359"/>
</kw>
<status status="PASS" starttime="20220714 10:02:21.853" endtime="20220714 10:02:24.359"/>
</kw>
<doc>Esse teste verifica o menu livros do site Amazon.com.br
e verifica a categoria loja de livros</doc>
<tag>categorias</tag>
<tag>menus</tag>
<status status="PASS" starttime="20220714 10:02:15.886" endtime="20220714 10:02:24.359"/>
</test>
<test id="s1-t2" name="Caso de Teste 02 - Pesquisa de um Produto" line="18">
<kw name="Abrir o navegador" library="amazon_resources" type="SETUP">
<kw name="Open Browser" library="SeleniumLibrary">
<arg>browser=chrome</arg>
<doc>Opens a new browser instance to the optional ``url``.</doc>
<msg timestamp="20220714 10:02:24.359" level="INFO">Opening browser 'chrome' to base url 'None'.</msg>
<status status="PASS" starttime="20220714 10:02:24.359" endtime="20220714 10:02:25.545"/>
</kw>
<kw name="Maximize Browser Window" library="SeleniumLibrary">
<doc>Maximizes current browser window.</doc>
<status status="PASS" starttime="20220714 10:02:25.545" endtime="20220714 10:02:25.666"/>
</kw>
<status status="PASS" starttime="20220714 10:02:24.359" endtime="20220714 10:02:25.666"/>
</kw>
<kw name="Acessar a home page do site Amazon.com.br" library="amazon_resources">
<kw name="Go To" library="SeleniumLibrary">
<arg>url=${URL}</arg>
<doc>Navigates the current browser window to the provided ``url``.</doc>
<msg timestamp="20220714 10:02:25.666" level="INFO">Opening url 'http://www.amazon.com.br'</msg>
<status status="PASS" starttime="20220714 10:02:25.666" endtime="20220714 10:02:28.292"/>
</kw>
<kw name="Wait Until Element Is Visible" library="SeleniumLibrary">
<arg>locator=${MENU_PRINCIPAL}</arg>
<doc>Waits until the element ``locator`` is visible.</doc>
<status status="PASS" starttime="20220714 10:02:28.292" endtime="20220714 10:02:28.342"/>
</kw>
<status status="PASS" starttime="20220714 10:02:25.666" endtime="20220714 10:02:28.343"/>
</kw>
<kw name="Digitar o nome de produto &quot;Xbox Series S&quot; no campo de pesquisa" library="amazon_resources" sourcename="Digitar o nome de produto &quot;${PRODUTO}&quot; no campo de pesquisa">
<kw name="Input Text" library="SeleniumLibrary">
<arg>locator=${CAMPO_PESQUISA}</arg>
<arg>text=${PRODUTO}</arg>
<doc>Types the given ``text`` into the text field identified by ``locator``.</doc>
<msg timestamp="20220714 10:02:28.344" level="INFO">Typing text 'Xbox Series S' into text field 'twotabsearchtextbox'.</msg>
<status status="PASS" starttime="20220714 10:02:28.343" endtime="20220714 10:02:28.546"/>
</kw>
<status status="PASS" starttime="20220714 10:02:28.343" endtime="20220714 10:02:28.547"/>
</kw>
<kw name="Clicar no botão de pesquisa" library="amazon_resources">
<kw name="Click Element" library="SeleniumLibrary">
<arg>locator=${BOTAO_PESQUISA}</arg>
<doc>Click the element identified by ``locator``.</doc>
<msg timestamp="20220714 10:02:28.549" level="INFO">Clicking element 'nav-search-submit-button'.</msg>
<status status="PASS" starttime="20220714 10:02:28.549" endtime="20220714 10:02:30.049"/>
</kw>
<status status="PASS" starttime="20220714 10:02:28.547" endtime="20220714 10:02:30.049"/>
</kw>
<kw name="Verificar o resultado da pesquisa se esta listando o produto &quot;Console Xbox Series S&quot;" library="amazon_resources" sourcename="Verificar o resultado da pesquisa se esta listando o produto &quot;${PRODUTO}&quot;">
<kw name="Wait Until Element Is Visible" library="SeleniumLibrary">
<arg>locator=(//span[contains(.,'${PRODUTO}')])[3]</arg>
<doc>Waits until the element ``locator`` is visible.</doc>
<status status="PASS" starttime="20220714 10:02:30.050" endtime="20220714 10:02:30.070"/>
</kw>
<status status="PASS" starttime="20220714 10:02:30.049" endtime="20220714 10:02:30.071"/>
</kw>
<kw name="Fechar o navegador" library="amazon_resources" type="TEARDOWN">
<kw name="Capture Page Screenshot" library="SeleniumLibrary">
<doc>Takes a screenshot of the current page and embeds it into a log file.</doc>
<msg timestamp="20220714 10:02:30.201" level="INFO" html="true">&lt;/td&gt;&lt;/tr&gt;&lt;tr&gt;&lt;td colspan="3"&gt;&lt;a href="selenium-screenshot-2.png"&gt;&lt;img src="selenium-screenshot-2.png" width="800px"&gt;&lt;/a&gt;</msg>
<status status="PASS" starttime="20220714 10:02:30.071" endtime="20220714 10:02:30.201"/>
</kw>
<kw name="Close Browser" library="SeleniumLibrary">
<doc>Closes the current browser.</doc>
<status status="PASS" starttime="20220714 10:02:30.201" endtime="20220714 10:02:32.334"/>
</kw>
<status status="PASS" starttime="20220714 10:02:30.071" endtime="20220714 10:02:32.334"/>
</kw>
<doc>Esse teste verifica a busca de um produto</doc>
<tag>busca_produtos</tag>
<tag>lista_busca</tag>
<status status="PASS" starttime="20220714 10:02:24.359" endtime="20220714 10:02:32.334"/>
</test>
<doc>Essa suite testa o site da Amazon.com.br</doc>
<status status="PASS" starttime="20220714 10:02:15.679" endtime="20220714 10:02:32.334"/>
</suite>
<statistics>
<total>
<stat pass="2" fail="0" skip="0">All Tests</stat>
</total>
<tag>
<stat pass="1" fail="0" skip="0">busca_produtos</stat>
<stat pass="1" fail="0" skip="0">categorias</stat>
<stat pass="1" fail="0" skip="0">lista_busca</stat>
<stat pass="1" fail="0" skip="0">menus</stat>
</tag>
<suite>
<stat pass="2" fail="0" skip="0" id="s1" name="Amazon Testes">Amazon Testes</stat>
</suite>
</statistics>
<errors>
</errors>
</robot>
